<?xml version="1.0" encoding="UTF-8"?>
<!-- Generated by org.testng.reporters.JUnitReportReporter -->
<testsuite hostname="syeds-MacBook-Pro.local" failures="0" tests="2" name="com.mystore.testcases.IndexPage" time="21.776" errors="0" timestamp="2022-04-10T22:02:26 IST" skipped="0">
  <testcase classname="com.mystore.testcases.IndexPage" name="validLogo" time="10.104"/>
  <system-out/>
  <testcase classname="com.mystore.testcases.IndexPage" name="getTitle" time="11.672"/>
  <system-out/>
</testsuite> <!-- com.mystore.testcases.IndexPage -->
