<?xml version="1.0" encoding="UTF-8"?>
<!-- Generated by org.testng.reporters.JUnitReportReporter -->
<testsuite hostname="syeds-MacBook-Pro.local" failures="0" tests="1" name="com.mystore.testcases.demo" time="14.110" errors="0" timestamp="2022-03-24T10:56:19 IST" skipped="0">
  <testcase classname="com.mystore.testcases.demo" name="demon" time="14.110"/>
  <system-out/>
</testsuite> <!-- com.mystore.testcases.demo -->
