<?xml version="1.0" encoding="UTF-8"?>
<!-- Generated by org.testng.reporters.JUnitReportReporter -->
<testsuite hostname="syeds-MacBook-Pro.local" failures="0" tests="1" name="com.mystore.testcases.dataq" time="1.070" errors="0" timestamp="2022-03-30T12:49:03 IST" skipped="0">
  <testcase classname="com.mystore.testcases.dataq" name="readEx" time="1.070"/>
  <system-out/>
</testsuite> <!-- com.mystore.testcases.dataq -->
